{"contracts/GordianKnot.sol":{"l":{"23":8,"24":7,"25":7,"26":7,"27":7,"28":19,"29":17,"30":17,"31":17,"32":17,"34":5,"38":5,"39":4,"40":3,"41":2,"42":2,"43":6,"44":6,"45":4,"47":2,"49":6,"50":6,"51":6,"53":2,"54":2,"61":4,"65":17,"66":16,"67":16,"71":25,"72":24},"path":"/Users/jaywelsh/GitHub/gordian-knot/contracts/GordianKnot.sol","s":{"1":8,"2":7,"3":7,"4":7,"5":7,"6":19,"7":17,"8":17,"9":17,"10":17,"11":5,"12":5,"13":4,"14":3,"15":2,"16":2,"17":6,"18":6,"19":4,"20":2,"21":6,"22":6,"23":6,"24":2,"25":2,"26":4,"27":17,"28":16,"29":16},"b":{"1":[7,1],"2":[7,0],"3":[7,0],"4":[17,2],"5":[4,1],"6":[4,1],"7":[3,1],"8":[2,1],"9":[4,2],"10":[6,0],"11":[16,1],"12":[24,1]},"f":{"1":8,"2":5,"3":4,"4":17},"fnMap":{"1":{"name":"newEntanglement","line":18,"loc":{"start":{"line":18,"column":4},"end":{"line":35,"column":4}}},"2":{"name":"fastenKnot","line":37,"loc":{"start":{"line":37,"column":4},"end":{"line":55,"column":4}}},"3":{"name":"getPercentageOf","line":57,"loc":{"start":{"line":57,"column":4},"end":{"line":62,"column":4}}},"4":{"name":"setOxCartEntanglementFactory","line":64,"loc":{"start":{"line":64,"column":4},"end":{"line":68,"column":4}}}},"statementMap":{"1":{"start":{"line":23,"column":8},"end":{"line":23,"column":131}},"2":{"start":{"line":24,"column":8},"end":{"line":24,"column":86}},"3":{"start":{"line":25,"column":8},"end":{"line":25,"column":129}},"4":{"start":{"line":26,"column":8},"end":{"line":26,"column":32}},"5":{"start":{"line":27,"column":8},"end":{"line":27,"column":1418}},"6":{"start":{"line":28,"column":12},"end":{"line":28,"column":132}},"7":{"start":{"line":29,"column":12},"end":{"line":29,"column":88}},"8":{"start":{"line":30,"column":12},"end":{"line":30,"column":112}},"9":{"start":{"line":31,"column":12},"end":{"line":31,"column":46}},"10":{"start":{"line":32,"column":12},"end":{"line":32,"column":92}},"11":{"start":{"line":34,"column":8},"end":{"line":34,"column":88}},"12":{"start":{"line":38,"column":8},"end":{"line":38,"column":87}},"13":{"start":{"line":39,"column":8},"end":{"line":39,"column":130}},"14":{"start":{"line":40,"column":8},"end":{"line":40,"column":83}},"15":{"start":{"line":41,"column":8},"end":{"line":41,"column":37}},"16":{"start":{"line":42,"column":8},"end":{"line":42,"column":2486}},"17":{"start":{"line":43,"column":12},"end":{"line":43,"column":35}},"18":{"start":{"line":44,"column":12},"end":{"line":44,"column":2623}},"19":{"start":{"line":45,"column":16},"end":{"line":45,"column":195}},"20":{"start":{"line":47,"column":16},"end":{"line":47,"column":96}},"21":{"start":{"line":49,"column":12},"end":{"line":49,"column":51}},"22":{"start":{"line":50,"column":12},"end":{"line":50,"column":132}},"23":{"start":{"line":51,"column":12},"end":{"line":51,"column":90}},"24":{"start":{"line":53,"column":8},"end":{"line":53,"column":48}},"25":{"start":{"line":54,"column":8},"end":{"line":54,"column":53}},"26":{"start":{"line":61,"column":8},"end":{"line":61,"column":47}},"27":{"start":{"line":65,"column":8},"end":{"line":65,"column":128}},"28":{"start":{"line":66,"column":8},"end":{"line":66,"column":61}},"29":{"start":{"line":67,"column":8},"end":{"line":67,"column":75}}},"branchMap":{"1":{"line":23,"type":"if","locations":[{"start":{"line":23,"column":8},"end":{"line":23,"column":8}},{"start":{"line":23,"column":8},"end":{"line":23,"column":8}}]},"2":{"line":24,"type":"if","locations":[{"start":{"line":24,"column":8},"end":{"line":24,"column":8}},{"start":{"line":24,"column":8},"end":{"line":24,"column":8}}]},"3":{"line":25,"type":"if","locations":[{"start":{"line":25,"column":8},"end":{"line":25,"column":8}},{"start":{"line":25,"column":8},"end":{"line":25,"column":8}}]},"4":{"line":28,"type":"if","locations":[{"start":{"line":28,"column":12},"end":{"line":28,"column":12}},{"start":{"line":28,"column":12},"end":{"line":28,"column":12}}]},"5":{"line":34,"type":"if","locations":[{"start":{"line":34,"column":8},"end":{"line":34,"column":8}},{"start":{"line":34,"column":8},"end":{"line":34,"column":8}}]},"6":{"line":38,"type":"if","locations":[{"start":{"line":38,"column":8},"end":{"line":38,"column":8}},{"start":{"line":38,"column":8},"end":{"line":38,"column":8}}]},"7":{"line":39,"type":"if","locations":[{"start":{"line":39,"column":8},"end":{"line":39,"column":8}},{"start":{"line":39,"column":8},"end":{"line":39,"column":8}}]},"8":{"line":40,"type":"if","locations":[{"start":{"line":40,"column":8},"end":{"line":40,"column":8}},{"start":{"line":40,"column":8},"end":{"line":40,"column":8}}]},"9":{"line":44,"type":"if","locations":[{"start":{"line":44,"column":12},"end":{"line":44,"column":12}},{"start":{"line":44,"column":12},"end":{"line":44,"column":12}}]},"10":{"line":51,"type":"if","locations":[{"start":{"line":51,"column":12},"end":{"line":51,"column":12}},{"start":{"line":51,"column":12},"end":{"line":51,"column":12}}]},"11":{"line":65,"type":"if","locations":[{"start":{"line":65,"column":8},"end":{"line":65,"column":8}},{"start":{"line":65,"column":8},"end":{"line":65,"column":8}}]},"12":{"line":71,"type":"if","locations":[{"start":{"line":71,"column":8},"end":{"line":71,"column":8}},{"start":{"line":71,"column":8},"end":{"line":71,"column":8}}]}}},"contracts/GordianKnotFactory.sol":{"l":{"11":17,"12":17,"13":17,"14":17},"path":"/Users/jaywelsh/GitHub/gordian-knot/contracts/GordianKnotFactory.sol","s":{"1":17,"2":17,"3":17,"4":17},"b":{},"f":{"1":17},"fnMap":{"1":{"name":"newGordianKnot","line":10,"loc":{"start":{"line":10,"column":2},"end":{"line":15,"column":2}}}},"statementMap":{"1":{"start":{"line":11,"column":6},"end":{"line":11,"column":60}},"2":{"start":{"line":12,"column":6},"end":{"line":12,"column":69}},"3":{"start":{"line":13,"column":6},"end":{"line":13,"column":65}},"4":{"start":{"line":14,"column":6},"end":{"line":14,"column":34}}},"branchMap":{}},"contracts/interfaces/IGordianKnot.sol":{"l":{},"path":"/Users/jaywelsh/GitHub/gordian-knot/contracts/interfaces/IGordianKnot.sol","s":{},"b":{},"f":{},"fnMap":{},"statementMap":{},"branchMap":{}},"contracts/OxCart.sol":{"l":{"8":7,"12":24,"13":24},"path":"/Users/jaywelsh/GitHub/gordian-knot/contracts/OxCart.sol","s":{"1":7},"b":{"1":[22,2]},"f":{"1":7},"fnMap":{"1":{"name":"constructor","line":7,"loc":{"start":{"line":7,"column":2},"end":{"line":9,"column":2}}}},"statementMap":{"1":{"start":{"line":8,"column":4},"end":{"line":8,"column":29}}},"branchMap":{"1":{"line":13,"type":"if","locations":[{"start":{"line":13,"column":4},"end":{"line":13,"column":4}},{"start":{"line":13,"column":4},"end":{"line":13,"column":4}}]}}},"contracts/OxCartEntanglementFactory.sol":{"l":{"14":48,"21":9,"22":8,"24":7,"25":7,"27":7,"28":4,"29":4},"path":"/Users/jaywelsh/GitHub/gordian-knot/contracts/OxCartEntanglementFactory.sol","s":{"1":48,"2":9,"3":8,"4":7,"5":7,"6":7,"7":4,"8":4},"b":{"1":[8,1],"2":[7,1]},"f":{"1":48,"2":9},"fnMap":{"1":{"name":"constructor","line":13,"loc":{"start":{"line":13,"column":2},"end":{"line":15,"column":2}}},"2":{"name":"newOxCartAndEntanglement","line":17,"loc":{"start":{"line":17,"column":2},"end":{"line":30,"column":2}}}},"statementMap":{"1":{"start":{"line":14,"column":4},"end":{"line":14,"column":58}},"2":{"start":{"line":21,"column":4},"end":{"line":21,"column":104}},"3":{"start":{"line":22,"column":4},"end":{"line":22,"column":138}},"4":{"start":{"line":24,"column":4},"end":{"line":24,"column":71}},"5":{"start":{"line":25,"column":4},"end":{"line":25,"column":57}},"6":{"start":{"line":27,"column":4},"end":{"line":27,"column":94}},"7":{"start":{"line":28,"column":4},"end":{"line":28,"column":97}},"8":{"start":{"line":29,"column":4},"end":{"line":29,"column":27}}},"branchMap":{"1":{"line":21,"type":"if","locations":[{"start":{"line":21,"column":4},"end":{"line":21,"column":4}},{"start":{"line":21,"column":4},"end":{"line":21,"column":4}}]},"2":{"line":22,"type":"if","locations":[{"start":{"line":22,"column":4},"end":{"line":22,"column":4}},{"start":{"line":22,"column":4},"end":{"line":22,"column":4}}]}}}}