{"contracts/GordianKnot.sol":{"l":{"22":18,"29":11,"30":10,"33":9,"34":9,"35":9,"37":9,"38":6,"39":6,"47":9,"48":9,"49":25,"50":23,"51":23,"52":23,"54":7,"55":6,"59":6,"60":5,"61":5,"62":4,"63":4,"64":3,"65":3,"66":9,"67":9,"68":6,"70":3,"72":9,"73":9,"74":9,"76":2,"77":2,"81":2,"82":1,"83":1,"84":3,"86":1,"93":6,"97":37,"98":36,"99":36},"path":"/Users/jaywelsh/GitHub/gordian-knot/contracts/GordianKnot.sol","s":{"1":18,"2":11,"3":10,"4":9,"5":9,"6":9,"7":9,"8":6,"9":6,"10":9,"11":9,"12":25,"13":23,"14":23,"15":23,"16":7,"17":6,"18":6,"19":5,"20":5,"21":4,"22":4,"23":3,"24":3,"25":9,"26":9,"27":6,"28":3,"29":9,"30":9,"31":9,"32":2,"33":2,"34":2,"35":1,"36":1,"37":3,"38":1,"39":6},"b":{"1":[10,1],"2":[9,1],"3":[23,2],"4":[6,1],"5":[5,1],"6":[4,1],"7":[3,1],"8":[6,3],"9":[8,1],"10":[1,1],"11":[36,1]},"f":{"1":18,"2":11,"3":9,"4":6,"5":2,"6":6},"fnMap":{"1":{"name":"constructor","line":21,"loc":{"start":{"line":21,"column":4},"end":{"line":23,"column":4}}},"2":{"name":"newOxCartAndEntanglement","line":25,"loc":{"start":{"line":25,"column":4},"end":{"line":40,"column":4}}},"3":{"name":"newEntanglement","line":42,"loc":{"start":{"line":42,"column":4},"end":{"line":56,"column":4}}},"4":{"name":"fastenKnot","line":58,"loc":{"start":{"line":58,"column":4},"end":{"line":78,"column":4}}},"5":{"name":"getEntanglement","line":80,"loc":{"start":{"line":80,"column":4},"end":{"line":87,"column":4}}},"6":{"name":"getPercentageOf","line":89,"loc":{"start":{"line":89,"column":4},"end":{"line":94,"column":4}}}},"statementMap":{"1":{"start":{"line":22,"column":8},"end":{"line":22,"column":41}},"2":{"start":{"line":29,"column":8},"end":{"line":29,"column":108}},"3":{"start":{"line":30,"column":8},"end":{"line":30,"column":142}},"4":{"start":{"line":33,"column":8},"end":{"line":33,"column":64}},"5":{"start":{"line":34,"column":8},"end":{"line":34,"column":50}},"6":{"start":{"line":35,"column":8},"end":{"line":35,"column":39}},"7":{"start":{"line":37,"column":8},"end":{"line":37,"column":78}},"8":{"start":{"line":38,"column":8},"end":{"line":38,"column":86}},"9":{"start":{"line":39,"column":8},"end":{"line":39,"column":31}},"10":{"start":{"line":47,"column":8},"end":{"line":47,"column":32}},"11":{"start":{"line":48,"column":8},"end":{"line":48,"column":2265}},"12":{"start":{"line":49,"column":12},"end":{"line":49,"column":132}},"13":{"start":{"line":50,"column":12},"end":{"line":50,"column":112}},"14":{"start":{"line":51,"column":12},"end":{"line":51,"column":46}},"15":{"start":{"line":52,"column":12},"end":{"line":52,"column":130}},"16":{"start":{"line":54,"column":8},"end":{"line":54,"column":88}},"17":{"start":{"line":55,"column":8},"end":{"line":55,"column":77}},"18":{"start":{"line":59,"column":8},"end":{"line":59,"column":87}},"19":{"start":{"line":60,"column":8},"end":{"line":60,"column":108}},"20":{"start":{"line":61,"column":8},"end":{"line":61,"column":120}},"21":{"start":{"line":62,"column":8},"end":{"line":62,"column":67}},"22":{"start":{"line":63,"column":8},"end":{"line":63,"column":57}},"23":{"start":{"line":64,"column":8},"end":{"line":64,"column":37}},"24":{"start":{"line":65,"column":8},"end":{"line":65,"column":3620}},"25":{"start":{"line":66,"column":12},"end":{"line":66,"column":35}},"26":{"start":{"line":67,"column":12},"end":{"line":67,"column":3747}},"27":{"start":{"line":68,"column":16},"end":{"line":68,"column":159}},"28":{"start":{"line":70,"column":16},"end":{"line":70,"column":70}},"29":{"start":{"line":72,"column":12},"end":{"line":72,"column":51}},"30":{"start":{"line":73,"column":12},"end":{"line":73,"column":122}},"31":{"start":{"line":74,"column":12},"end":{"line":74,"column":90}},"32":{"start":{"line":76,"column":8},"end":{"line":76,"column":48}},"33":{"start":{"line":77,"column":8},"end":{"line":77,"column":53}},"34":{"start":{"line":81,"column":8},"end":{"line":81,"column":130}},"35":{"start":{"line":82,"column":8},"end":{"line":82,"column":123}},"36":{"start":{"line":83,"column":8},"end":{"line":83,"column":4844}},"37":{"start":{"line":84,"column":12},"end":{"line":84,"column":153}},"38":{"start":{"line":86,"column":8},"end":{"line":86,"column":94}},"39":{"start":{"line":93,"column":8},"end":{"line":93,"column":47}}},"branchMap":{"1":{"line":29,"type":"if","locations":[{"start":{"line":29,"column":8},"end":{"line":29,"column":8}},{"start":{"line":29,"column":8},"end":{"line":29,"column":8}}]},"2":{"line":30,"type":"if","locations":[{"start":{"line":30,"column":8},"end":{"line":30,"column":8}},{"start":{"line":30,"column":8},"end":{"line":30,"column":8}}]},"3":{"line":49,"type":"if","locations":[{"start":{"line":49,"column":12},"end":{"line":49,"column":12}},{"start":{"line":49,"column":12},"end":{"line":49,"column":12}}]},"4":{"line":54,"type":"if","locations":[{"start":{"line":54,"column":8},"end":{"line":54,"column":8}},{"start":{"line":54,"column":8},"end":{"line":54,"column":8}}]},"5":{"line":59,"type":"if","locations":[{"start":{"line":59,"column":8},"end":{"line":59,"column":8}},{"start":{"line":59,"column":8},"end":{"line":59,"column":8}}]},"6":{"line":61,"type":"if","locations":[{"start":{"line":61,"column":8},"end":{"line":61,"column":8}},{"start":{"line":61,"column":8},"end":{"line":61,"column":8}}]},"7":{"line":63,"type":"if","locations":[{"start":{"line":63,"column":8},"end":{"line":63,"column":8}},{"start":{"line":63,"column":8},"end":{"line":63,"column":8}}]},"8":{"line":67,"type":"if","locations":[{"start":{"line":67,"column":12},"end":{"line":67,"column":12}},{"start":{"line":67,"column":12},"end":{"line":67,"column":12}}]},"9":{"line":74,"type":"if","locations":[{"start":{"line":74,"column":12},"end":{"line":74,"column":12}},{"start":{"line":74,"column":12},"end":{"line":74,"column":12}}]},"10":{"line":81,"type":"if","locations":[{"start":{"line":81,"column":8},"end":{"line":81,"column":8}},{"start":{"line":81,"column":8},"end":{"line":81,"column":8}}]},"11":{"line":97,"type":"if","locations":[{"start":{"line":97,"column":8},"end":{"line":97,"column":8}},{"start":{"line":97,"column":8},"end":{"line":97,"column":8}}]}}},"contracts/GordianKnotFactory.sol":{"l":{"11":18,"12":18,"13":18,"14":18},"path":"/Users/jaywelsh/GitHub/gordian-knot/contracts/GordianKnotFactory.sol","s":{"1":18,"2":18,"3":18,"4":18},"b":{},"f":{"1":18},"fnMap":{"1":{"name":"newGordianKnot","line":10,"loc":{"start":{"line":10,"column":2},"end":{"line":15,"column":2}}}},"statementMap":{"1":{"start":{"line":11,"column":6},"end":{"line":11,"column":76}},"2":{"start":{"line":12,"column":6},"end":{"line":12,"column":69}},"3":{"start":{"line":13,"column":6},"end":{"line":13,"column":65}},"4":{"start":{"line":14,"column":6},"end":{"line":14,"column":34}}},"branchMap":{}},"contracts/interfaces/IGordianKnot.sol":{"l":{},"path":"/Users/jaywelsh/GitHub/gordian-knot/contracts/interfaces/IGordianKnot.sol","s":{},"b":{},"f":{},"fnMap":{},"statementMap":{},"branchMap":{}},"contracts/interfaces/IGordianKnotFactory.sol":{"l":{},"path":"/Users/jaywelsh/GitHub/gordian-knot/contracts/interfaces/IGordianKnotFactory.sol","s":{},"b":{},"f":{},"fnMap":{},"statementMap":{},"branchMap":{}},"contracts/interfaces/IOxCart.sol":{"l":{},"path":"/Users/jaywelsh/GitHub/gordian-knot/contracts/interfaces/IOxCart.sol","s":{},"b":{},"f":{},"fnMap":{},"statementMap":{},"branchMap":{}},"contracts/OxCart.sol":{"l":{"8":12,"9":11,"13":38,"14":36,"15":36},"path":"/Users/jaywelsh/GitHub/gordian-knot/contracts/OxCart.sol","s":{"1":12,"2":11},"b":{"1":[11,1],"2":[36,2],"3":[30,6]},"f":{"1":12},"fnMap":{"1":{"name":"initialize","line":7,"loc":{"start":{"line":7,"column":2},"end":{"line":10,"column":2}}}},"statementMap":{"1":{"start":{"line":8,"column":4},"end":{"line":8,"column":60}},"2":{"start":{"line":9,"column":4},"end":{"line":9,"column":29}}},"branchMap":{"1":{"line":8,"type":"if","locations":[{"start":{"line":8,"column":4},"end":{"line":8,"column":4}},{"start":{"line":8,"column":4},"end":{"line":8,"column":4}}]},"2":{"line":13,"type":"if","locations":[{"start":{"line":13,"column":4},"end":{"line":13,"column":4}},{"start":{"line":13,"column":4},"end":{"line":13,"column":4}}]},"3":{"line":15,"type":"if","locations":[{"start":{"line":15,"column":4},"end":{"line":15,"column":4}},{"start":{"line":15,"column":4},"end":{"line":15,"column":4}}]}}}}