TN:
SF:/Users/jaywelsh/GitHub/gordian-knot/contracts/GordianKnot.sol
FN:18,newEntanglement
FN:37,fastenKnot
FN:57,getPercentageOf
FN:64,setOxCartEntanglementFactory
FNF:4
FNH:4
FNDA:8,newEntanglement
FNDA:5,fastenKnot
FNDA:4,getPercentageOf
FNDA:17,setOxCartEntanglementFactory
DA:23,8
DA:24,7
DA:25,7
DA:26,7
DA:27,7
DA:28,19
DA:29,17
DA:30,17
DA:31,17
DA:32,17
DA:34,5
DA:38,5
DA:39,4
DA:40,3
DA:41,2
DA:42,2
DA:43,6
DA:44,6
DA:45,4
DA:47,2
DA:49,6
DA:50,6
DA:51,6
DA:53,2
DA:54,2
DA:61,4
DA:65,17
DA:66,16
DA:67,16
DA:71,25
DA:72,24
LF:31
LH:31
BRDA:23,1,0,7
BRDA:23,1,1,1
BRDA:24,2,0,7
BRDA:24,2,1,0
BRDA:25,3,0,7
BRDA:25,3,1,0
BRDA:28,4,0,17
BRDA:28,4,1,2
BRDA:34,5,0,4
BRDA:34,5,1,1
BRDA:38,6,0,4
BRDA:38,6,1,1
BRDA:39,7,0,3
BRDA:39,7,1,1
BRDA:40,8,0,2
BRDA:40,8,1,1
BRDA:44,9,0,4
BRDA:44,9,1,2
BRDA:51,10,0,6
BRDA:51,10,1,0
BRDA:65,11,0,16
BRDA:65,11,1,1
BRDA:71,12,0,24
BRDA:71,12,1,1
BRF:24
BRH:21
end_of_record
TN:
SF:/Users/jaywelsh/GitHub/gordian-knot/contracts/GordianKnotFactory.sol
FN:10,newGordianKnot
FNF:1
FNH:1
FNDA:17,newGordianKnot
DA:11,17
DA:12,17
DA:13,17
DA:14,17
LF:4
LH:4
BRF:0
BRH:0
end_of_record
TN:
SF:/Users/jaywelsh/GitHub/gordian-knot/contracts/interfaces/IGordianKnot.sol
FNF:0
FNH:0
LF:0
LH:0
BRF:0
BRH:0
end_of_record
TN:
SF:/Users/jaywelsh/GitHub/gordian-knot/contracts/OxCart.sol
FN:7,constructor
FNF:1
FNH:1
FNDA:7,constructor
DA:8,7
DA:12,24
DA:13,24
LF:3
LH:3
BRDA:13,1,0,22
BRDA:13,1,1,2
BRF:2
BRH:2
end_of_record
TN:
SF:/Users/jaywelsh/GitHub/gordian-knot/contracts/OxCartEntanglementFactory.sol
FN:13,constructor
FN:17,newOxCartAndEntanglement
FNF:2
FNH:2
FNDA:48,constructor
FNDA:9,newOxCartAndEntanglement
DA:14,48
DA:21,9
DA:22,8
DA:24,7
DA:25,7
DA:27,7
DA:28,4
DA:29,4
LF:8
LH:8
BRDA:21,1,0,8
BRDA:21,1,1,1
BRDA:22,2,0,7
BRDA:22,2,1,1
BRF:4
BRH:4
end_of_record
